Starting new HTTP connection (1): money.finance.sina.com.cn:80
http://money.finance.sina.com.cn:80 "GET /quotes_service/api/json_v2.php/CN_MarketData.getKLineData?symbol=sz000002&scale=5&ma=5&datalen=1023 HTTP/1.1" 200 None
Starting new HTTP connection (1): 98.push2.eastmoney.com:80
http://98.push2.eastmoney.com:80 "GET /api/qt/clist/get?cb=jQuery112402803120599104636_1675409984210&pn=1&pz=3200&po=1&np=1&ut=bd1d9ddb04089700cf9c27f6f7426281&fltt=2&invt=2&wbp2u=%7C0%7C0%7C0%7Cweb&fid=f3&fs=m:0+t:6,m:0+t:80,m:1+t:2,m:1+t:23,m:0+t:81+s:2048&fields=f1,f2,f3,f4,f5,f6,f7,f8,f9,f10,f12,f13,f14,f15,f16,f17,f18,f20,f21,f23,f24,f25,f22,f11,f62,f128,f136,f115,f152&_=1675409984211 HTTP/1.1" 200 297669
Starting new HTTP connection (1): q.stock.sohu.com:80
http://q.stock.sohu.com:80 "GET /hisHq?code=cn_002555&start=20000101&end=20230424 HTTP/1.1" 301 178
Starting new HTTPS connection (1): q.stock.sohu.com:443
https://q.stock.sohu.com:443 "GET /hisHq?code=cn_002555&start=20000101&end=20230424 HTTP/1.1" 200 None
Starting new HTTPS connection (1): stockapi.com.cn:443
https://stockapi.com.cn:443 "GET /v1/quota/ma?token=a20428f5bc97e60c6918a15e032079b41a3872df60575e1d&code=002555&date=2023-04-24&ma=5,10,20,30,60,250&rehabilitation=100&calculationCycle=100 HTTP/1.1" 200 86
Starting new HTTPS connection (1): stockapi.com.cn:443
https://stockapi.com.cn:443 "GET /v1/quota/ma?token=a20428f5bc97e60c6918a15e032079b41a3872df60575e1d&code=002555&date=2023-04-21&ma=5,10,20,30,60,250&rehabilitation=100&calculationCycle=101 HTTP/1.1" 200 86
Starting new HTTP connection (1): q.stock.sohu.com:80
http://q.stock.sohu.com:80 "GET /hisHq?code=cn_002946&start=20000101&end=20230424 HTTP/1.1" 301 178
Starting new HTTPS connection (1): q.stock.sohu.com:443
https://q.stock.sohu.com:443 "GET /hisHq?code=cn_002946&start=20000101&end=20230424 HTTP/1.1" 200 None
Starting new HTTPS connection (1): stockapi.com.cn:443
https://stockapi.com.cn:443 "GET /v1/quota/ma?token=a20428f5bc97e60c6918a15e032079b41a3872df60575e1d&code=002946&date=2023-04-24&ma=5,10,20,30,60,250&rehabilitation=100&calculationCycle=100 HTTP/1.1" 200 86
Starting new HTTPS connection (1): stockapi.com.cn:443
https://stockapi.com.cn:443 "GET /v1/quota/ma?token=a20428f5bc97e60c6918a15e032079b41a3872df60575e1d&code=002946&date=2023-04-21&ma=5,10,20,30,60,250&rehabilitation=100&calculationCycle=101 HTTP/1.1" 200 86
Starting new HTTP connection (1): q.stock.sohu.com:80
http://q.stock.sohu.com:80 "GET /hisHq?code=cn_603123&start=20000101&end=20230424 HTTP/1.1" 301 178
Starting new HTTPS connection (1): q.stock.sohu.com:443
https://q.stock.sohu.com:443 "GET /hisHq?code=cn_603123&start=20000101&end=20230424 HTTP/1.1" 200 None
Starting new HTTPS connection (1): stockapi.com.cn:443
https://stockapi.com.cn:443 "GET /v1/quota/ma?token=a20428f5bc97e60c6918a15e032079b41a3872df60575e1d&code=603123&date=2023-04-24&ma=5,10,20,30,60,250&rehabilitation=100&calculationCycle=100 HTTP/1.1" 200 86
Starting new HTTPS connection (1): stockapi.com.cn:443
https://stockapi.com.cn:443 "GET /v1/quota/ma?token=a20428f5bc97e60c6918a15e032079b41a3872df60575e1d&code=603123&date=2023-04-21&ma=5,10,20,30,60,250&rehabilitation=100&calculationCycle=101 HTTP/1.1" 200 86
Starting new HTTP connection (1): q.stock.sohu.com:80
http://q.stock.sohu.com:80 "GET /hisHq?code=cn_603927&start=20000101&end=20230424 HTTP/1.1" 301 178
Starting new HTTPS connection (1): q.stock.sohu.com:443
https://q.stock.sohu.com:443 "GET /hisHq?code=cn_603927&start=20000101&end=20230424 HTTP/1.1" 200 None
Starting new HTTPS connection (1): stockapi.com.cn:443
https://stockapi.com.cn:443 "GET /v1/quota/ma?token=a20428f5bc97e60c6918a15e032079b41a3872df60575e1d&code=603927&date=2023-04-24&ma=5,10,20,30,60,250&rehabilitation=100&calculationCycle=100 HTTP/1.1" 200 86
Starting new HTTPS connection (1): stockapi.com.cn:443
https://stockapi.com.cn:443 "GET /v1/quota/ma?token=a20428f5bc97e60c6918a15e032079b41a3872df60575e1d&code=603927&date=2023-04-21&ma=5,10,20,30,60,250&rehabilitation=100&calculationCycle=101 HTTP/1.1" 200 86
Starting new HTTP connection (1): q.stock.sohu.com:80
http://q.stock.sohu.com:80 "GET /hisHq?code=cn_600060&start=20000101&end=20230424 HTTP/1.1" 301 178
Starting new HTTPS connection (1): q.stock.sohu.com:443
https://q.stock.sohu.com:443 "GET /hisHq?code=cn_600060&start=20000101&end=20230424 HTTP/1.1" 200 None
Starting new HTTPS connection (1): stockapi.com.cn:443
https://stockapi.com.cn:443 "GET /v1/quota/ma?token=a20428f5bc97e60c6918a15e032079b41a3872df60575e1d&code=600060&date=2023-04-24&ma=5,10,20,30,60,250&rehabilitation=100&calculationCycle=100 HTTP/1.1" 200 86
Starting new HTTPS connection (1): stockapi.com.cn:443
https://stockapi.com.cn:443 "GET /v1/quota/ma?token=a20428f5bc97e60c6918a15e032079b41a3872df60575e1d&code=600060&date=2023-04-21&ma=5,10,20,30,60,250&rehabilitation=100&calculationCycle=101 HTTP/1.1" 200 86
Starting new HTTP connection (1): q.stock.sohu.com:80
http://q.stock.sohu.com:80 "GET /hisHq?code=cn_601577&start=20000101&end=20230424 HTTP/1.1" 301 178
Starting new HTTPS connection (1): q.stock.sohu.com:443
https://q.stock.sohu.com:443 "GET /hisHq?code=cn_601577&start=20000101&end=20230424 HTTP/1.1" 200 None
Starting new HTTPS connection (1): stockapi.com.cn:443
https://stockapi.com.cn:443 "GET /v1/quota/ma?token=a20428f5bc97e60c6918a15e032079b41a3872df60575e1d&code=601577&date=2023-04-24&ma=5,10,20,30,60,250&rehabilitation=100&calculationCycle=100 HTTP/1.1" 200 86
Starting new HTTPS connection (1): stockapi.com.cn:443
https://stockapi.com.cn:443 "GET /v1/quota/ma?token=a20428f5bc97e60c6918a15e032079b41a3872df60575e1d&code=601577&date=2023-04-21&ma=5,10,20,30,60,250&rehabilitation=100&calculationCycle=101 HTTP/1.1" 200 86
Starting new HTTP connection (1): q.stock.sohu.com:80
http://q.stock.sohu.com:80 "GET /hisHq?code=cn_600373&start=20000101&end=20230424 HTTP/1.1" 301 178
Starting new HTTPS connection (1): q.stock.sohu.com:443
https://q.stock.sohu.com:443 "GET /hisHq?code=cn_600373&start=20000101&end=20230424 HTTP/1.1" 200 None
Starting new HTTPS connection (1): stockapi.com.cn:443
Starting new HTTP connection (1): money.finance.sina.com.cn:80
http://money.finance.sina.com.cn:80 "GET /quotes_service/api/json_v2.php/CN_MarketData.getKLineData?symbol=sz000002&scale=5&ma=5&datalen=1023 HTTP/1.1" 200 None
Starting new HTTP connection (1): 98.push2.eastmoney.com:80
http://98.push2.eastmoney.com:80 "GET /api/qt/clist/get?cb=jQuery112402803120599104636_1675409984210&pn=1&pz=3200&po=1&np=1&ut=bd1d9ddb04089700cf9c27f6f7426281&fltt=2&invt=2&wbp2u=%7C0%7C0%7C0%7Cweb&fid=f3&fs=m:0+t:6,m:0+t:80,m:1+t:2,m:1+t:23,m:0+t:81+s:2048&fields=f1,f2,f3,f4,f5,f6,f7,f8,f9,f10,f12,f13,f14,f15,f16,f17,f18,f20,f21,f23,f24,f25,f22,f11,f62,f128,f136,f115,f152&_=1675409984211 HTTP/1.1" 200 310204
Starting new HTTP connection (1): q.stock.sohu.com:80
http://q.stock.sohu.com:80 "GET /hisHq?code=cn_600481&start=20000101&end=20230425 HTTP/1.1" 301 178
Starting new HTTPS connection (1): q.stock.sohu.com:443
https://q.stock.sohu.com:443 "GET /hisHq?code=cn_600481&start=20000101&end=20230425 HTTP/1.1" 200 None
Starting new HTTPS connection (1): stockapi.com.cn:443
https://stockapi.com.cn:443 "GET /v1/quota/ma?token=a20428f5bc97e60c6918a15e032079b41a3872df60575e1d&code=600481&date=2023-04-25&ma=5,10,20,30,60,250&rehabilitation=100&calculationCycle=100 HTTP/1.1" 200 86
Starting new HTTPS connection (1): stockapi.com.cn:443
https://stockapi.com.cn:443 "GET /v1/quota/ma?token=a20428f5bc97e60c6918a15e032079b41a3872df60575e1d&code=600481&date=2023-04-21&ma=5,10,20,30,60,250&rehabilitation=100&calculationCycle=101 HTTP/1.1" 200 86
Starting new HTTP connection (1): q.stock.sohu.com:80
http://q.stock.sohu.com:80 "GET /hisHq?code=cn_002531&start=20000101&end=20230425 HTTP/1.1" 301 178
Starting new HTTPS connection (1): q.stock.sohu.com:443
https://q.stock.sohu.com:443 "GET /hisHq?code=cn_002531&start=20000101&end=20230425 HTTP/1.1" 200 None
Starting new HTTPS connection (1): stockapi.com.cn:443
https://stockapi.com.cn:443 "GET /v1/quota/ma?token=a20428f5bc97e60c6918a15e032079b41a3872df60575e1d&code=002531&date=2023-04-25&ma=5,10,20,30,60,250&rehabilitation=100&calculationCycle=100 HTTP/1.1" 200 86
Starting new HTTPS connection (1): stockapi.com.cn:443
https://stockapi.com.cn:443 "GET /v1/quota/ma?token=a20428f5bc97e60c6918a15e032079b41a3872df60575e1d&code=002531&date=2023-04-21&ma=5,10,20,30,60,250&rehabilitation=100&calculationCycle=101 HTTP/1.1" 200 86
Starting new HTTP connection (1): q.stock.sohu.com:80
http://q.stock.sohu.com:80 "GET /hisHq?code=cn_002240&start=20000101&end=20230425 HTTP/1.1" 301 178
Starting new HTTPS connection (1): q.stock.sohu.com:443
https://q.stock.sohu.com:443 "GET /hisHq?code=cn_002240&start=20000101&end=20230425 HTTP/1.1" 200 None
Starting new HTTPS connection (1): stockapi.com.cn:443
https://stockapi.com.cn:443 "GET /v1/quota/ma?token=a20428f5bc97e60c6918a15e032079b41a3872df60575e1d&code=002240&date=2023-04-25&ma=5,10,20,30,60,250&rehabilitation=100&calculationCycle=100 HTTP/1.1" 200 86
Starting new HTTPS connection (1): stockapi.com.cn:443
https://stockapi.com.cn:443 "GET /v1/quota/ma?token=a20428f5bc97e60c6918a15e032079b41a3872df60575e1d&code=002240&date=2023-04-21&ma=5,10,20,30,60,250&rehabilitation=100&calculationCycle=101 HTTP/1.1" 200 86
Starting new HTTP connection (1): q.stock.sohu.com:80
http://q.stock.sohu.com:80 "GET /hisHq?code=cn_603218&start=20000101&end=20230425 HTTP/1.1" 301 178
Starting new HTTPS connection (1): q.stock.sohu.com:443
https://q.stock.sohu.com:443 "GET /hisHq?code=cn_603218&start=20000101&end=20230425 HTTP/1.1" 200 None
Starting new HTTPS connection (1): stockapi.com.cn:443
https://stockapi.com.cn:443 "GET /v1/quota/ma?token=a20428f5bc97e60c6918a15e032079b41a3872df60575e1d&code=603218&date=2023-04-25&ma=5,10,20,30,60,250&rehabilitation=100&calculationCycle=100 HTTP/1.1" 200 86
Starting new HTTPS connection (1): stockapi.com.cn:443
https://stockapi.com.cn:443 "GET /v1/quota/ma?token=a20428f5bc97e60c6918a15e032079b41a3872df60575e1d&code=603218&date=2023-04-21&ma=5,10,20,30,60,250&rehabilitation=100&calculationCycle=101 HTTP/1.1" 200 86
Starting new HTTP connection (1): q.stock.sohu.com:80
http://q.stock.sohu.com:80 "GET /hisHq?code=cn_002150&start=20000101&end=20230425 HTTP/1.1" 301 178
Starting new HTTPS connection (1): q.stock.sohu.com:443
https://q.stock.sohu.com:443 "GET /hisHq?code=cn_002150&start=20000101&end=20230425 HTTP/1.1" 200 None
Starting new HTTPS connection (1): stockapi.com.cn:443
https://stockapi.com.cn:443 "GET /v1/quota/ma?token=a20428f5bc97e60c6918a15e032079b41a3872df60575e1d&code=002150&date=2023-04-25&ma=5,10,20,30,60,250&rehabilitation=100&calculationCycle=100 HTTP/1.1" 200 86
Starting new HTTPS connection (1): stockapi.com.cn:443
https://stockapi.com.cn:443 "GET /v1/quota/ma?token=a20428f5bc97e60c6918a15e032079b41a3872df60575e1d&code=002150&date=2023-04-21&ma=5,10,20,30,60,250&rehabilitation=100&calculationCycle=101 HTTP/1.1" 200 86
Starting new HTTP connection (1): q.stock.sohu.com:80
http://q.stock.sohu.com:80 "GET /hisHq?code=cn_603806&start=20000101&end=20230425 HTTP/1.1" 301 178
Starting new HTTPS connection (1): q.stock.sohu.com:443
https://q.stock.sohu.com:443 "GET /hisHq?code=cn_603806&start=20000101&end=20230425 HTTP/1.1" 200 None
Starting new HTTPS connection (1): stockapi.com.cn:443
https://stockapi.com.cn:443 "GET /v1/quota/ma?token=a20428f5bc97e60c6918a15e032079b41a3872df60575e1d&code=603806&date=2023-04-25&ma=5,10,20,30,60,250&rehabilitation=100&calculationCycle=100 HTTP/1.1" 200 86
Starting new HTTPS connection (1): stockapi.com.cn:443
https://stockapi.com.cn:443 "GET /v1/quota/ma?token=a20428f5bc97e60c6918a15e032079b41a3872df60575e1d&code=603806&date=2023-04-21&ma=5,10,20,30,60,250&rehabilitation=100&calculationCycle=101 HTTP/1.1" 200 86
Starting new HTTP connection (1): q.stock.sohu.com:80
http://q.stock.sohu.com:80 "GET /hisHq?code=cn_001301&start=20000101&end=20230425 HTTP/1.1" 301 178
Starting new HTTPS connection (1): q.stock.sohu.com:443
https://q.stock.sohu.com:443 "GET /hisHq?code=cn_001301&start=20000101&end=20230425 HTTP/1.1" 200 None
Starting new HTTPS connection (1): stockapi.com.cn:443
https://stockapi.com.cn:443 "GET /v1/quota/ma?token=a20428f5bc97e60c6918a15e032079b41a3872df60575e1d&code=001301&date=2023-04-25&ma=5,10,20,30,60,250&rehabilitation=100&calculationCycle=100 HTTP/1.1" 200 86
Starting new HTTPS connection (1): stockapi.com.cn:443
https://stockapi.com.cn:443 "GET /v1/quota/ma?token=a20428f5bc97e60c6918a15e032079b41a3872df60575e1d&code=001301&date=2023-04-21&ma=5,10,20,30,60,250&rehabilitation=100&calculationCycle=101 HTTP/1.1" 200 86
Starting new HTTP connection (1): q.stock.sohu.com:80
http://q.stock.sohu.com:80 "GET /hisHq?code=cn_600267&start=20000101&end=20230425 HTTP/1.1" 301 178
Starting new HTTPS connection (1): q.stock.sohu.com:443
https://q.stock.sohu.com:443 "GET /hisHq?code=cn_600267&start=20000101&end=20230425 HTTP/1.1" 200 None
Starting new HTTPS connection (1): stockapi.com.cn:443
https://stockapi.com.cn:443 "GET /v1/quota/ma?token=a20428f5bc97e60c6918a15e032079b41a3872df60575e1d&code=600267&date=2023-04-25&ma=5,10,20,30,60,250&rehabilitation=100&calculationCycle=100 HTTP/1.1" 200 86
Starting new HTTPS connection (1): stockapi.com.cn:443
https://stockapi.com.cn:443 "GET /v1/quota/ma?token=a20428f5bc97e60c6918a15e032079b41a3872df60575e1d&code=600267&date=2023-04-21&ma=5,10,20,30,60,250&rehabilitation=100&calculationCycle=101 HTTP/1.1" 200 86
Starting new HTTP connection (1): q.stock.sohu.com:80
http://q.stock.sohu.com:80 "GET /hisHq?code=cn_603260&start=20000101&end=20230425 HTTP/1.1" 301 178
Starting new HTTPS connection (1): q.stock.sohu.com:443
https://q.stock.sohu.com:443 "GET /hisHq?code=cn_603260&start=20000101&end=20230425 HTTP/1.1" 200 None
Starting new HTTPS connection (1): stockapi.com.cn:443
https://stockapi.com.cn:443 "GET /v1/quota/ma?token=a20428f5bc97e60c6918a15e032079b41a3872df60575e1d&code=603260&date=2023-04-25&ma=5,10,20,30,60,250&rehabilitation=100&calculationCycle=100 HTTP/1.1" 200 86
Starting new HTTPS connection (1): stockapi.com.cn:443
https://stockapi.com.cn:443 "GET /v1/quota/ma?token=a20428f5bc97e60c6918a15e032079b41a3872df60575e1d&code=603260&date=2023-04-21&ma=5,10,20,30,60,250&rehabilitation=100&calculationCycle=101 HTTP/1.1" 200 86
Starting new HTTP connection (1): q.stock.sohu.com:80
http://q.stock.sohu.com:80 "GET /hisHq?code=cn_002812&start=20000101&end=20230425 HTTP/1.1" 301 178
Starting new HTTPS connection (1): q.stock.sohu.com:443
https://q.stock.sohu.com:443 "GET /hisHq?code=cn_002812&start=20000101&end=20230425 HTTP/1.1" 200 None
Starting new HTTPS connection (1): stockapi.com.cn:443
https://stockapi.com.cn:443 "GET /v1/quota/ma?token=a20428f5bc97e60c6918a15e032079b41a3872df60575e1d&code=002812&date=2023-04-25&ma=5,10,20,30,60,250&rehabilitation=100&calculationCycle=100 HTTP/1.1" 200 86
Starting new HTTPS connection (1): stockapi.com.cn:443
https://stockapi.com.cn:443 "GET /v1/quota/ma?token=a20428f5bc97e60c6918a15e032079b41a3872df60575e1d&code=002812&date=2023-04-21&ma=5,10,20,30,60,250&rehabilitation=100&calculationCycle=101 HTTP/1.1" 200 86
Starting new HTTP connection (1): q.stock.sohu.com:80
http://q.stock.sohu.com:80 "GET /hisHq?code=cn_600315&start=20000101&end=20230425 HTTP/1.1" 301 178
Starting new HTTPS connection (1): q.stock.sohu.com:443
https://q.stock.sohu.com:443 "GET /hisHq?code=cn_600315&start=20000101&end=20230425 HTTP/1.1" 200 None
Starting new HTTPS connection (1): stockapi.com.cn:443
